2025/04/27 20:39:08 [notice] 1#1: using the "epoll" event method
2025/04/27 20:39:08 [notice] 1#1: nginx/1.21.6
2025/04/27 20:39:08 [notice] 1#1: built by gcc 10.2.1 20210110 (Debian 10.2.1-6) 
2025/04/27 20:39:08 [notice] 1#1: OS: Linux 6.10.14-linuxkit
2025/04/27 20:39:08 [notice] 1#1: getrlimit(RLIMIT_NOFILE): 1048576:1048576
2025/04/27 20:39:08 [notice] 1#1: start worker processes
2025/04/27 20:39:08 [notice] 1#1: start worker process 22
2025/04/27 20:39:08 [notice] 1#1: start worker process 23
2025/04/27 20:39:08 [notice] 1#1: start worker process 24
2025/04/27 20:39:08 [notice] 1#1: start worker process 25
2025/04/27 20:40:14 [notice] 1#1: signal 3 (SIGQUIT) received, shutting down
2025/04/27 20:40:14 [notice] 22#22: gracefully shutting down
2025/04/27 20:40:14 [notice] 23#23: gracefully shutting down
2025/04/27 20:40:14 [notice] 23#23: exiting
2025/04/27 20:40:14 [notice] 23#23: exit
2025/04/27 20:40:14 [notice] 24#24: gracefully shutting down
2025/04/27 20:40:14 [notice] 24#24: exiting
2025/04/27 20:40:14 [notice] 25#25: gracefully shutting down
2025/04/27 20:40:14 [notice] 25#25: exiting
2025/04/27 20:40:14 [notice] 22#22: exiting
2025/04/27 20:40:14 [notice] 24#24: exit
2025/04/27 20:40:14 [notice] 25#25: exit
2025/04/27 20:40:14 [notice] 22#22: exit
2025/04/27 20:40:14 [notice] 1#1: signal 17 (SIGCHLD) received from 25
2025/04/27 20:40:14 [notice] 1#1: worker process 23 exited with code 0
2025/04/27 20:40:14 [notice] 1#1: worker process 24 exited with code 0
2025/04/27 20:40:14 [notice] 1#1: worker process 25 exited with code 0
2025/04/27 20:40:14 [notice] 1#1: signal 29 (SIGIO) received
2025/04/27 20:40:14 [notice] 1#1: signal 17 (SIGCHLD) received from 24
2025/04/27 20:40:14 [notice] 1#1: signal 17 (SIGCHLD) received from 22
2025/04/27 20:40:14 [notice] 1#1: worker process 22 exited with code 0
2025/04/27 20:40:14 [notice] 1#1: exit
2025/04/27 20:43:42 [notice] 1#1: using the "epoll" event method
2025/04/27 20:43:42 [notice] 1#1: nginx/1.21.6
2025/04/27 20:43:42 [notice] 1#1: built by gcc 10.2.1 20210110 (Debian 10.2.1-6) 
2025/04/27 20:43:42 [notice] 1#1: OS: Linux 6.10.14-linuxkit
2025/04/27 20:43:42 [notice] 1#1: getrlimit(RLIMIT_NOFILE): 1048576:1048576
2025/04/27 20:43:42 [notice] 1#1: start worker processes
2025/04/27 20:43:42 [notice] 1#1: start worker process 22
2025/04/27 20:43:42 [notice] 1#1: start worker process 23
2025/04/27 20:43:42 [notice] 1#1: start worker process 24
2025/04/27 20:43:42 [notice] 1#1: start worker process 25
2025/04/27 20:50:06 [notice] 1#1: signal 3 (SIGQUIT) received, shutting down
2025/04/27 20:50:06 [notice] 22#22: gracefully shutting down
2025/04/27 20:50:06 [notice] 23#23: gracefully shutting down
2025/04/27 20:50:06 [notice] 24#24: gracefully shutting down
2025/04/27 20:50:06 [notice] 22#22: exiting
2025/04/27 20:50:06 [notice] 22#22: exit
2025/04/27 20:50:06 [notice] 25#25: gracefully shutting down
2025/04/27 20:50:06 [notice] 24#24: exiting
2025/04/27 20:50:06 [notice] 23#23: exiting
2025/04/27 20:50:06 [notice] 23#23: exit
2025/04/27 20:50:06 [notice] 24#24: exit
2025/04/27 20:50:06 [notice] 25#25: exiting
2025/04/27 20:50:06 [notice] 25#25: exit
2025/04/27 20:50:06 [notice] 1#1: signal 17 (SIGCHLD) received from 22
2025/04/27 20:50:06 [notice] 1#1: worker process 22 exited with code 0
2025/04/27 20:50:06 [notice] 1#1: worker process 24 exited with code 0
2025/04/27 20:50:06 [notice] 1#1: worker process 23 exited with code 0
2025/04/27 20:50:06 [notice] 1#1: worker process 25 exited with code 0
2025/04/27 20:50:06 [notice] 1#1: exit
2025/04/27 20:57:36 [notice] 1#1: using the "epoll" event method
2025/04/27 20:57:36 [notice] 1#1: nginx/1.21.6
2025/04/27 20:57:36 [notice] 1#1: built by gcc 10.2.1 20210110 (Debian 10.2.1-6) 
2025/04/27 20:57:36 [notice] 1#1: OS: Linux 6.10.14-linuxkit
2025/04/27 20:57:36 [notice] 1#1: getrlimit(RLIMIT_NOFILE): 1048576:1048576
2025/04/27 20:57:36 [notice] 1#1: start worker processes
2025/04/27 20:57:36 [notice] 1#1: start worker process 22
2025/04/27 20:57:36 [notice] 1#1: start worker process 23
2025/04/27 20:57:36 [notice] 1#1: start worker process 24
2025/04/27 20:57:36 [notice] 1#1: start worker process 25
2025/04/27 21:05:00 [notice] 1#1: signal 3 (SIGQUIT) received, shutting down
2025/04/27 21:05:00 [notice] 24#24: gracefully shutting down
2025/04/27 21:05:00 [notice] 25#25: gracefully shutting down
2025/04/27 21:05:00 [notice] 23#23: gracefully shutting down
2025/04/27 21:05:00 [notice] 24#24: exiting
2025/04/27 21:05:00 [notice] 22#22: gracefully shutting down
2025/04/27 21:05:00 [notice] 24#24: exit
2025/04/27 21:05:00 [notice] 22#22: exiting
2025/04/27 21:05:00 [notice] 22#22: exit
2025/04/27 21:05:00 [notice] 25#25: exiting
2025/04/27 21:05:00 [notice] 23#23: exiting
2025/04/27 21:05:00 [notice] 25#25: exit
2025/04/27 21:05:00 [notice] 23#23: exit
2025/04/27 21:05:01 [notice] 1#1: signal 17 (SIGCHLD) received from 23
2025/04/27 21:05:01 [notice] 1#1: worker process 22 exited with code 0
2025/04/27 21:05:01 [notice] 1#1: worker process 23 exited with code 0
2025/04/27 21:05:01 [notice] 1#1: worker process 24 exited with code 0
2025/04/27 21:05:01 [notice] 1#1: worker process 25 exited with code 0
2025/04/27 21:05:01 [notice] 1#1: exit
2025/04/27 21:10:08 [notice] 1#1: using the "epoll" event method
2025/04/27 21:10:08 [notice] 1#1: nginx/1.21.6
2025/04/27 21:10:08 [notice] 1#1: built by gcc 10.2.1 20210110 (Debian 10.2.1-6) 
2025/04/27 21:10:08 [notice] 1#1: OS: Linux 6.10.14-linuxkit
2025/04/27 21:10:08 [notice] 1#1: getrlimit(RLIMIT_NOFILE): 1048576:1048576
2025/04/27 21:10:08 [notice] 1#1: start worker processes
2025/04/27 21:10:08 [notice] 1#1: start worker process 21
2025/04/27 21:10:08 [notice] 1#1: start worker process 22
2025/04/27 21:10:08 [notice] 1#1: start worker process 23
2025/04/27 21:10:08 [notice] 1#1: start worker process 24
2025/04/27 21:22:32 [notice] 1#1: signal 3 (SIGQUIT) received, shutting down
2025/04/27 21:22:32 [notice] 24#24: gracefully shutting down
2025/04/27 21:22:32 [notice] 21#21: gracefully shutting down
2025/04/27 21:22:32 [notice] 23#23: gracefully shutting down
2025/04/27 21:22:32 [notice] 24#24: exiting
2025/04/27 21:22:32 [notice] 21#21: exiting
2025/04/27 21:22:32 [notice] 22#22: gracefully shutting down
2025/04/27 21:22:32 [notice] 23#23: exiting
2025/04/27 21:22:32 [notice] 23#23: exit
2025/04/27 21:22:32 [notice] 24#24: exit
2025/04/27 21:22:32 [notice] 21#21: exit
2025/04/27 21:22:32 [notice] 22#22: exiting
2025/04/27 21:22:32 [notice] 22#22: exit
2025/04/27 21:22:33 [notice] 1#1: signal 17 (SIGCHLD) received from 24
2025/04/27 21:22:33 [notice] 1#1: worker process 21 exited with code 0
2025/04/27 21:22:33 [notice] 1#1: worker process 24 exited with code 0
2025/04/27 21:22:33 [notice] 1#1: signal 29 (SIGIO) received
2025/04/27 21:22:33 [notice] 1#1: signal 17 (SIGCHLD) received from 23
2025/04/27 21:22:33 [notice] 1#1: worker process 23 exited with code 0
2025/04/27 21:22:33 [notice] 1#1: signal 29 (SIGIO) received
2025/04/27 21:22:33 [notice] 1#1: signal 17 (SIGCHLD) received from 22
2025/04/27 21:22:33 [notice] 1#1: worker process 22 exited with code 0
2025/04/27 21:22:33 [notice] 1#1: exit
2025/04/27 21:24:44 [notice] 1#1: using the "epoll" event method
2025/04/27 21:24:44 [notice] 1#1: nginx/1.21.6
2025/04/27 21:24:44 [notice] 1#1: built by gcc 10.2.1 20210110 (Debian 10.2.1-6) 
2025/04/27 21:24:44 [notice] 1#1: OS: Linux 6.10.14-linuxkit
2025/04/27 21:24:44 [notice] 1#1: getrlimit(RLIMIT_NOFILE): 1048576:1048576
2025/04/27 21:24:44 [notice] 1#1: start worker processes
2025/04/27 21:24:44 [notice] 1#1: start worker process 22
2025/04/27 21:24:44 [notice] 1#1: start worker process 23
2025/04/27 21:24:44 [notice] 1#1: start worker process 24
2025/04/27 21:24:44 [notice] 1#1: start worker process 25
2025/04/27 21:27:35 [warn] 22#22: *1 upstream server temporarily disabled while reading response header from upstream, client: 192.168.65.1, server: , request: "GET / HTTP/1.1", upstream: "http://172.30.0.2:80/", host: "localhost:8080"
2025/04/27 21:27:35 [error] 22#22: *1 upstream timed out (110: Connection timed out) while reading response header from upstream, client: 192.168.65.1, server: , request: "GET / HTTP/1.1", upstream: "http://172.30.0.2:80/", host: "localhost:8080"
2025/04/27 21:28:35 [warn] 22#22: *1 upstream server temporarily disabled while reading response header from upstream, client: 192.168.65.1, server: , request: "GET / HTTP/1.1", upstream: "http://172.30.0.4:80/", host: "localhost:8080"
2025/04/27 21:28:35 [error] 22#22: *1 upstream timed out (110: Connection timed out) while reading response header from upstream, client: 192.168.65.1, server: , request: "GET / HTTP/1.1", upstream: "http://172.30.0.4:80/", host: "localhost:8080"
2025/04/27 21:29:35 [warn] 22#22: *1 upstream server temporarily disabled while reading response header from upstream, client: 192.168.65.1, server: , request: "GET / HTTP/1.1", upstream: "http://172.30.0.3:80/", host: "localhost:8080"
2025/04/27 21:29:35 [error] 22#22: *1 upstream timed out (110: Connection timed out) while reading response header from upstream, client: 192.168.65.1, server: , request: "GET / HTTP/1.1", upstream: "http://172.30.0.3:80/", host: "localhost:8080"
2025/04/27 21:32:34 [notice] 1#1: signal 3 (SIGQUIT) received, shutting down
2025/04/27 21:32:34 [notice] 22#22: gracefully shutting down
2025/04/27 21:32:34 [notice] 22#22: exiting
2025/04/27 21:32:34 [notice] 24#24: gracefully shutting down
2025/04/27 21:32:34 [notice] 22#22: exit
2025/04/27 21:32:34 [notice] 23#23: gracefully shutting down
2025/04/27 21:32:34 [notice] 25#25: gracefully shutting down
2025/04/27 21:32:34 [notice] 23#23: exiting
2025/04/27 21:32:34 [notice] 24#24: exiting
2025/04/27 21:32:34 [notice] 24#24: exit
2025/04/27 21:32:34 [notice] 23#23: exit
2025/04/27 21:32:34 [notice] 25#25: exiting
2025/04/27 21:32:34 [notice] 25#25: exit
2025/04/27 21:32:34 [notice] 1#1: signal 17 (SIGCHLD) received from 22
2025/04/27 21:32:34 [notice] 1#1: worker process 22 exited with code 0
2025/04/27 21:32:34 [notice] 1#1: signal 29 (SIGIO) received
2025/04/27 21:32:34 [notice] 1#1: signal 17 (SIGCHLD) received from 25
2025/04/27 21:32:34 [notice] 1#1: worker process 23 exited with code 0
2025/04/27 21:32:34 [notice] 1#1: worker process 24 exited with code 0
2025/04/27 21:32:34 [notice] 1#1: worker process 25 exited with code 0
2025/04/27 21:32:34 [notice] 1#1: exit
2025/04/27 21:33:33 [notice] 1#1: using the "epoll" event method
2025/04/27 21:33:33 [notice] 1#1: nginx/1.21.6
2025/04/27 21:33:33 [notice] 1#1: built by gcc 10.2.1 20210110 (Debian 10.2.1-6) 
2025/04/27 21:33:33 [notice] 1#1: OS: Linux 6.10.14-linuxkit
2025/04/27 21:33:33 [notice] 1#1: getrlimit(RLIMIT_NOFILE): 1048576:1048576
2025/04/27 21:33:33 [notice] 1#1: start worker processes
2025/04/27 21:33:33 [notice] 1#1: start worker process 22
2025/04/27 21:33:33 [notice] 1#1: start worker process 23
2025/04/27 21:33:33 [notice] 1#1: start worker process 24
2025/04/27 21:33:33 [notice] 1#1: start worker process 25
2025/04/27 21:47:17 [notice] 1#1: signal 3 (SIGQUIT) received, shutting down
2025/04/27 21:47:17 [notice] 22#22: gracefully shutting down
2025/04/27 21:47:17 [notice] 24#24: gracefully shutting down
2025/04/27 21:47:17 [notice] 22#22: exiting
2025/04/27 21:47:17 [notice] 24#24: exiting
2025/04/27 21:47:17 [notice] 25#25: gracefully shutting down
2025/04/27 21:47:17 [notice] 22#22: exit
2025/04/27 21:47:17 [notice] 24#24: exit
2025/04/27 21:47:17 [notice] 25#25: exiting
2025/04/27 21:47:17 [notice] 23#23: gracefully shutting down
2025/04/27 21:47:17 [notice] 25#25: exit
2025/04/27 21:47:17 [notice] 23#23: exiting
2025/04/27 21:47:17 [notice] 23#23: exit
2025/04/27 21:47:17 [notice] 1#1: signal 17 (SIGCHLD) received from 22
2025/04/27 21:47:17 [notice] 1#1: worker process 22 exited with code 0
2025/04/27 21:47:17 [notice] 1#1: worker process 24 exited with code 0
2025/04/27 21:47:17 [notice] 1#1: worker process 25 exited with code 0
2025/04/27 21:47:17 [notice] 1#1: signal 17 (SIGCHLD) received from 24
2025/04/27 21:47:17 [notice] 1#1: worker process 23 exited with code 0
2025/04/27 21:47:17 [notice] 1#1: exit
2025/04/27 21:50:05 [notice] 1#1: using the "epoll" event method
2025/04/27 21:50:05 [notice] 1#1: nginx/1.21.6
2025/04/27 21:50:05 [notice] 1#1: built by gcc 10.2.1 20210110 (Debian 10.2.1-6) 
2025/04/27 21:50:05 [notice] 1#1: OS: Linux 6.10.14-linuxkit
2025/04/27 21:50:05 [notice] 1#1: getrlimit(RLIMIT_NOFILE): 1048576:1048576
2025/04/27 21:50:05 [notice] 1#1: start worker processes
2025/04/27 21:50:05 [notice] 1#1: start worker process 22
2025/04/27 21:50:05 [notice] 1#1: start worker process 23
2025/04/27 21:50:05 [notice] 1#1: start worker process 24
2025/04/27 21:50:05 [notice] 1#1: start worker process 25
2025/04/27 21:51:51 [warn] 25#25: *5 upstream server temporarily disabled while reading response header from upstream, client: 192.168.65.1, server: , request: "GET / HTTP/1.1", upstream: "http://172.30.0.2:80/", host: "localhost:8080"
2025/04/27 21:51:51 [error] 25#25: *5 upstream timed out (110: Connection timed out) while reading response header from upstream, client: 192.168.65.1, server: , request: "GET / HTTP/1.1", upstream: "http://172.30.0.2:80/", host: "localhost:8080"
2025/04/27 21:52:51 [warn] 25#25: *5 upstream server temporarily disabled while reading response header from upstream, client: 192.168.65.1, server: , request: "GET / HTTP/1.1", upstream: "http://172.30.0.4:80/", host: "localhost:8080"
2025/04/27 21:52:51 [error] 25#25: *5 upstream timed out (110: Connection timed out) while reading response header from upstream, client: 192.168.65.1, server: , request: "GET / HTTP/1.1", upstream: "http://172.30.0.4:80/", host: "localhost:8080"
2025/04/27 21:53:51 [warn] 25#25: *5 upstream server temporarily disabled while reading response header from upstream, client: 192.168.65.1, server: , request: "GET / HTTP/1.1", upstream: "http://172.30.0.3:80/", host: "localhost:8080"
2025/04/27 21:53:51 [error] 25#25: *5 upstream timed out (110: Connection timed out) while reading response header from upstream, client: 192.168.65.1, server: , request: "GET / HTTP/1.1", upstream: "http://172.30.0.3:80/", host: "localhost:8080"
2025/04/27 21:58:11 [notice] 1#1: signal 3 (SIGQUIT) received, shutting down
2025/04/27 21:58:11 [notice] 25#25: gracefully shutting down
2025/04/27 21:58:11 [notice] 24#24: gracefully shutting down
2025/04/27 21:58:11 [notice] 23#23: gracefully shutting down
2025/04/27 21:58:11 [notice] 22#22: gracefully shutting down
2025/04/27 21:58:11 [notice] 25#25: exiting
2025/04/27 21:58:11 [notice] 23#23: exiting
2025/04/27 21:58:11 [notice] 25#25: exit
2025/04/27 21:58:11 [notice] 23#23: exit
2025/04/27 21:58:11 [notice] 24#24: exiting
2025/04/27 21:58:11 [notice] 24#24: exit
2025/04/27 21:58:11 [notice] 22#22: exiting
2025/04/27 21:58:11 [notice] 22#22: exit
2025/04/27 21:58:11 [notice] 1#1: signal 17 (SIGCHLD) received from 24
2025/04/27 21:58:11 [notice] 1#1: worker process 23 exited with code 0
2025/04/27 21:58:11 [notice] 1#1: worker process 24 exited with code 0
2025/04/27 21:58:11 [notice] 1#1: signal 29 (SIGIO) received
2025/04/27 21:58:11 [notice] 1#1: signal 17 (SIGCHLD) received from 23
2025/04/27 21:58:11 [notice] 1#1: signal 17 (SIGCHLD) received from 25
2025/04/27 21:58:11 [notice] 1#1: worker process 25 exited with code 0
2025/04/27 21:58:11 [notice] 1#1: signal 29 (SIGIO) received
2025/04/27 21:58:11 [notice] 1#1: signal 17 (SIGCHLD) received from 22
2025/04/27 21:58:11 [notice] 1#1: worker process 22 exited with code 0
2025/04/27 21:58:11 [notice] 1#1: exit
2025/04/27 21:58:38 [notice] 1#1: using the "epoll" event method
2025/04/27 21:58:38 [notice] 1#1: nginx/1.21.6
2025/04/27 21:58:38 [notice] 1#1: built by gcc 10.2.1 20210110 (Debian 10.2.1-6) 
2025/04/27 21:58:38 [notice] 1#1: OS: Linux 6.10.14-linuxkit
2025/04/27 21:58:38 [notice] 1#1: getrlimit(RLIMIT_NOFILE): 1048576:1048576
2025/04/27 21:58:38 [notice] 1#1: start worker processes
2025/04/27 21:58:38 [notice] 1#1: start worker process 22
2025/04/27 21:58:38 [notice] 1#1: start worker process 23
2025/04/27 21:58:38 [notice] 1#1: start worker process 24
2025/04/27 21:58:38 [notice] 1#1: start worker process 25
2025/04/27 21:59:53 [warn] 22#22: *1 upstream server temporarily disabled while reading response header from upstream, client: 192.168.65.1, server: , request: "GET / HTTP/1.1", upstream: "http://172.30.0.2:80/", host: "localhost:8080"
2025/04/27 21:59:53 [error] 22#22: *1 upstream timed out (110: Connection timed out) while reading response header from upstream, client: 192.168.65.1, server: , request: "GET / HTTP/1.1", upstream: "http://172.30.0.2:80/", host: "localhost:8080"
2025/04/27 22:00:53 [warn] 22#22: *1 upstream server temporarily disabled while reading response header from upstream, client: 192.168.65.1, server: , request: "GET / HTTP/1.1", upstream: "http://172.30.0.3:80/", host: "localhost:8080"
2025/04/27 22:00:53 [error] 22#22: *1 upstream timed out (110: Connection timed out) while reading response header from upstream, client: 192.168.65.1, server: , request: "GET / HTTP/1.1", upstream: "http://172.30.0.3:80/", host: "localhost:8080"
2025/04/27 22:01:53 [warn] 22#22: *1 upstream server temporarily disabled while reading response header from upstream, client: 192.168.65.1, server: , request: "GET / HTTP/1.1", upstream: "http://172.30.0.4:80/", host: "localhost:8080"
2025/04/27 22:01:53 [error] 22#22: *1 upstream timed out (110: Connection timed out) while reading response header from upstream, client: 192.168.65.1, server: , request: "GET / HTTP/1.1", upstream: "http://172.30.0.4:80/", host: "localhost:8080"
2025/04/27 22:23:20 [notice] 1#1: signal 3 (SIGQUIT) received, shutting down
2025/04/27 22:23:20 [notice] 23#23: gracefully shutting down
2025/04/27 22:23:20 [notice] 22#22: gracefully shutting down
2025/04/27 22:23:20 [notice] 25#25: gracefully shutting down
2025/04/27 22:23:20 [notice] 24#24: gracefully shutting down
2025/04/27 22:23:20 [notice] 24#24: exiting
2025/04/27 22:23:20 [notice] 22#22: exiting
2025/04/27 22:23:20 [notice] 25#25: exiting
2025/04/27 22:23:20 [notice] 23#23: exiting
2025/04/27 22:23:20 [notice] 23#23: exit
2025/04/27 22:23:20 [notice] 24#24: exit
2025/04/27 22:23:20 [notice] 22#22: exit
2025/04/27 22:23:20 [notice] 25#25: exit
2025/04/27 22:23:20 [notice] 1#1: signal 17 (SIGCHLD) received from 22
2025/04/27 22:23:20 [notice] 1#1: worker process 22 exited with code 0
2025/04/27 22:23:20 [notice] 1#1: worker process 24 exited with code 0
2025/04/27 22:23:20 [notice] 1#1: worker process 25 exited with code 0
2025/04/27 22:23:20 [notice] 1#1: worker process 23 exited with code 0
2025/04/27 22:23:20 [notice] 1#1: exit
2025/04/27 22:24:14 [notice] 1#1: using the "epoll" event method
2025/04/27 22:24:14 [notice] 1#1: nginx/1.21.6
2025/04/27 22:24:14 [notice] 1#1: built by gcc 10.2.1 20210110 (Debian 10.2.1-6) 
2025/04/27 22:24:14 [notice] 1#1: OS: Linux 6.10.14-linuxkit
2025/04/27 22:24:14 [notice] 1#1: getrlimit(RLIMIT_NOFILE): 1048576:1048576
2025/04/27 22:24:14 [notice] 1#1: start worker processes
2025/04/27 22:24:14 [notice] 1#1: start worker process 21
2025/04/27 22:24:14 [notice] 1#1: start worker process 22
2025/04/27 22:24:14 [notice] 1#1: start worker process 23
2025/04/27 22:24:14 [notice] 1#1: start worker process 24
